<?xml version="1.0" encoding="UTF-8"?>
<!-- Generated by org.testng.reporters.JUnitXMLReporter -->
<testsuite hostname="Dummas-MacBook-Pro.local" ignored="0" name="Open Cart Home Page Test - firefox" tests="2" failures="0" timestamp="22 Jun 2021 17:34:14 GMT" time="10.827" errors="0">
  <testcase name="accountsPageTitleTest" time="2.164" classname="com.testngsessions.HomePageTest"/>
  <testcase name="logoutLinkTest" time="0.111" classname="com.testngsessions.HomePageTest"/>
</testsuite> <!-- Open Cart Home Page Test - firefox -->
