<?xml version="1.0" encoding="UTF-8"?>
<!-- Generated by org.testng.reporters.JUnitXMLReporter -->
<testsuite hostname="Dummas-MacBook-Pro.local" ignored="0" name="Open Cart Login Page Test - chrome" tests="2" failures="0" timestamp="22 Jun 2021 17:34:09 GMT" time="6.425" errors="0">
  <testcase name="accountsPageTitleTest" time="0.008" classname="com.testngsessions.LoginPageTest"/>
  <testcase name="registerLinkTest" time="0.075" classname="com.testngsessions.LoginPageTest"/>
</testsuite> <!-- Open Cart Login Page Test - chrome -->
