<?xml version="1.0" encoding="UTF-8"?>
<!-- Generated by org.testng.reporters.JUnitXMLReporter -->
<testsuite hostname="Dummas-MacBook-Pro.local" ignored="0" name="Open Cart Login Page Test - Negative Test Data - chrome" tests="4" failures="0" timestamp="22 Jun 2021 18:18:28 GMT" time="13.835" errors="0">
  <testcase name="doLogin" time="2.365" classname="com.testngsessions.LoginPageNegativeTest"/>
  <testcase name="doLogin" time="1.534" classname="com.testngsessions.LoginPageNegativeTest"/>
  <testcase name="doLogin" time="1.41" classname="com.testngsessions.LoginPageNegativeTest"/>
  <testcase name="doLogin" time="1.467" classname="com.testngsessions.LoginPageNegativeTest"/>
</testsuite> <!-- Open Cart Login Page Test - Negative Test Data - chrome -->
